<?xml version="1.0" encoding="UTF-8"?>
<testsuites name="Login" time="90.121" tests="2" failures="0" skips="0" errors="0">
   <testsuite name="Login" tests="2" failures="0" errors="0" time="90.121" skips="0" timestamp="2021-03-15 22:29:53" hostname="a2274333 - localhost" id="Test Suites/Flujo Base/Login">
      <properties>
[...]
</properties>
      <testcase name="Test Cases/InstalaryAbrir" time="70.758" classname="Test Cases/InstalaryAbrir" status="PASSED">
         <system-out><![CDATA[2021-03-15 22:29:53 - [TEST_CASE][PASSED] - Test Cases/InstalaryAbrir: Test Cases/InstalaryAbrir

2021-03-15 22:29:54 - [TEST_STEP][PASSED] - startApplication("/Users/a2274333/Downloads/AppClientes_327-clear-preprod-debug.apk", true): Started app at: '/Users/a2274333/Downloads/AppClientes_327-clear-preprod-debug.apk'

2021-03-15 22:29:54 - [MESSAGE][INFO] - User set preference: ['deviceId', '']

2021-03-15 22:29:55 - [MESSAGE][INFO] - Appium server started on port 55,582

2021-03-15 22:30:52 - [MESSAGE][PASSED] - Started app at: '/Users/a2274333/Downloads/AppClientes_327-clear-preprod-debug.apk'

2021-03-15 22:30:52 - [TEST_STEP][PASSED] - delay(5): Delayed 5 second(s)

2021-03-15 22:30:57 - [MESSAGE][PASSED] - Delayed 5 second(s)

2021-03-15 22:30:57 - [TEST_STEP][PASSED] - tap(findTestObject("InstalaryAbrir/android.widget.Button - Permitir"), 0): Tapped on element 'Object Repository/InstalaryAbrir/android.widget.Button - Permitir'

2021-03-15 22:30:57 - [MESSAGE][WARNING] - Timeout '0' is invalid. Using default page load timeout: '30'

2021-03-15 22:30:58 - [MESSAGE][PASSED] - Tapped on element 'Object Repository/InstalaryAbrir/android.widget.Button - Permitir'

2021-03-15 22:30:58 - [TEST_STEP][PASSED] - tap(findTestObject("InstalaryAbrir/android.widget.Button - Allow"), 0): Tapped on element 'Object Repository/InstalaryAbrir/android.widget.Button - Allow'

2021-03-15 22:30:58 - [MESSAGE][WARNING] - Timeout '0' is invalid. Using default page load timeout: '30'

2021-03-15 22:30:59 - [MESSAGE][PASSED] - Tapped on element 'Object Repository/InstalaryAbrir/android.widget.Button - Allow'

2021-03-15 22:30:59 - [TEST_STEP][PASSED] - delay(3): Delayed 3 second(s)

2021-03-15 22:31:02 - [MESSAGE][PASSED] - Delayed 3 second(s)

2021-03-15 22:31:02 - [TEST_STEP][PASSED] - takeScreenshot(): Screenshot is taken

2021-03-15 22:31:04 - [MESSAGE][PASSED] - Screenshot is taken
[[ATTACHMENT|/Users/a2274333/Documents/GitHub/APP_Clientes_Android/APP_Clientes_Android/Reports/20210315_222950/Flujo Base/Login/20210315_222950/1615869062833.png]]

2021-03-15 22:31:04 - [MESSAGE][PASSED] - Screenshot is taken
[[ATTACHMENT|/Users/a2274333/Documents/GitHub/APP_Clientes_Android/APP_Clientes_Android/Reports/20210315_222950/Flujo Base/Login/20210315_222950/1615869062833.png]]]]></system-out>
         <system-err><![CDATA[]]></system-err>
      </testcase>
      <testcase name="Test Cases/Login" time="13.445" classname="Test Cases/Login" status="PASSED">
         <system-out><![CDATA[2021-03-15 22:31:04 - [TEST_CASE][PASSED] - Test Cases/Login: Test Cases/Login

2021-03-15 22:31:04 - [TEST_STEP][PASSED] - tap(findTestObject("Login/android.widget.Button - Iniciar Sesin"), 0): Tapped on element 'Object Repository/Login/android.widget.Button - Iniciar Sesin'

2021-03-15 22:31:04 - [MESSAGE][WARNING] - Timeout '0' is invalid. Using default page load timeout: '30'

2021-03-15 22:31:05 - [MESSAGE][PASSED] - Tapped on element 'Object Repository/Login/android.widget.Button - Iniciar Sesin'

2021-03-15 22:31:05 - [TEST_STEP][PASSED] - delay(3): Delayed 3 second(s)

2021-03-15 22:31:08 - [MESSAGE][PASSED] - Delayed 3 second(s)

2021-03-15 22:31:08 - [TEST_STEP][PASSED] - takeScreenshot(): Screenshot is taken

2021-03-15 22:31:10 - [MESSAGE][PASSED] - Screenshot is taken
[[ATTACHMENT|/Users/a2274333/Documents/GitHub/APP_Clientes_Android/APP_Clientes_Android/Reports/20210315_222950/Flujo Base/Login/20210315_222950/1615869068731.png]]

2021-03-15 22:31:10 - [MESSAGE][PASSED] - Screenshot is taken
[[ATTACHMENT|/Users/a2274333/Documents/GitHub/APP_Clientes_Android/APP_Clientes_Android/Reports/20210315_222950/Flujo Base/Login/20210315_222950/1615869068731.png]]

2021-03-15 22:31:10 - [TEST_STEP][PASSED] - setText(findTestObject("Login/android.widget.EditText - usuario"), "testing.syp@banorte.com", 0): Text 'testing.syp@banorte.com' has been set to element 'Object Repository/Login/android.widget.EditText - usuario'

2021-03-15 22:31:10 - [MESSAGE][WARNING] - Timeout '0' is invalid. Using default page load timeout: '30'

2021-03-15 22:31:10 - [MESSAGE][PASSED] - Text 'testing.syp@banorte.com' has been set to element 'Object Repository/Login/android.widget.EditText - usuario'

2021-03-15 22:31:10 - [TEST_STEP][PASSED] - setText(findTestObject("Login/android.widget.EditText - contrasena"), "Passw0rd", 0): Text 'Passw0rd' has been set to element 'Object Repository/Login/android.widget.EditText - contrasena'

2021-03-15 22:31:10 - [MESSAGE][WARNING] - Timeout '0' is invalid. Using default page load timeout: '30'

2021-03-15 22:31:12 - [MESSAGE][PASSED] - Text 'Passw0rd' has been set to element 'Object Repository/Login/android.widget.EditText - contrasena'

2021-03-15 22:31:12 - [TEST_STEP][PASSED] - tap(findTestObject("Login/android.widget.Button - Ingresar"), 0): Tapped on element 'Object Repository/Login/android.widget.Button - Ingresar'

2021-03-15 22:31:12 - [MESSAGE][WARNING] - Timeout '0' is invalid. Using default page load timeout: '30'

2021-03-15 22:31:12 - [MESSAGE][PASSED] - Tapped on element 'Object Repository/Login/android.widget.Button - Ingresar'

2021-03-15 22:31:12 - [TEST_STEP][PASSED] - takeScreenshot(): Screenshot is taken

2021-03-15 22:31:14 - [MESSAGE][PASSED] - Screenshot is taken
[[ATTACHMENT|/Users/a2274333/Documents/GitHub/APP_Clientes_Android/APP_Clientes_Android/Reports/20210315_222950/Flujo Base/Login/20210315_222950/1615869072736.png]]

2021-03-15 22:31:14 - [MESSAGE][PASSED] - Screenshot is taken
[[ATTACHMENT|/Users/a2274333/Documents/GitHub/APP_Clientes_Android/APP_Clientes_Android/Reports/20210315_222950/Flujo Base/Login/20210315_222950/1615869072736.png]]

2021-03-15 22:31:14 - [TEST_STEP][PASSED] - closeApplication(): Close app successfully

2021-03-15 22:31:18 - [MESSAGE][PASSED] - Close app successfully]]></system-out>
         <system-err><![CDATA[]]></system-err>
      </testcase>
      <system-out><![CDATA[2021-03-15 22:29:53 - [TEST_SUITE][PASSED] - Login: Test Cases/Login]]></system-out>
      <system-err><![CDATA[]]></system-err>
   </testsuite>
</testsuites>
