<?xml version="1.0" encoding="UTF-8"?>
<testsuites name="Registro" time="111.369" tests="2" failures="0" skips="0" errors="0">
   <testsuite name="Registro" tests="2" failures="0" errors="0" time="111.369" skips="0" timestamp="2021-03-16 01:14:05" hostname="a2274333 - 192.168.0.10" id="Test Suites/Flujo Base/Registro">
      <properties>
[...]
</properties>
      <testcase name="Test Cases/InstalaryAbrir" time="72.811" classname="Test Cases/InstalaryAbrir" status="PASSED">
         <system-out><![CDATA[2021-03-16 01:14:06 - [TEST_CASE][PASSED] - Test Cases/InstalaryAbrir: Test Cases/InstalaryAbrir

2021-03-16 01:14:06 - [TEST_STEP][PASSED] - startApplication(Ubicacion_APK, true): Started app at: '/Users/a2274333/Downloads/AppClientes_327-clear-preprod-debug.apk'

2021-03-16 01:14:06 - [MESSAGE][INFO] - User set preference: ['deviceId', '']

2021-03-16 01:14:08 - [MESSAGE][INFO] - Appium server started on port 57,791

2021-03-16 01:15:05 - [MESSAGE][PASSED] - Started app at: '/Users/a2274333/Downloads/AppClientes_327-clear-preprod-debug.apk'

2021-03-16 01:15:05 - [TEST_STEP][PASSED] - delay(5): Delayed 5 second(s)

2021-03-16 01:15:10 - [MESSAGE][PASSED] - Delayed 5 second(s)

2021-03-16 01:15:10 - [TEST_STEP][PASSED] - tap(findTestObject("InstalaryAbrir/android.widget.Button - Permitir"), 0): Tapped on element 'Object Repository/InstalaryAbrir/android.widget.Button - Permitir'

2021-03-16 01:15:10 - [MESSAGE][WARNING] - Timeout '0' is invalid. Using default page load timeout: '30'

2021-03-16 01:15:12 - [MESSAGE][PASSED] - Tapped on element 'Object Repository/InstalaryAbrir/android.widget.Button - Permitir'

2021-03-16 01:15:12 - [TEST_STEP][PASSED] - tap(findTestObject("InstalaryAbrir/android.widget.Button - Allow"), 0): Tapped on element 'Object Repository/InstalaryAbrir/android.widget.Button - Allow'

2021-03-16 01:15:12 - [MESSAGE][WARNING] - Timeout '0' is invalid. Using default page load timeout: '30'

2021-03-16 01:15:13 - [MESSAGE][PASSED] - Tapped on element 'Object Repository/InstalaryAbrir/android.widget.Button - Allow'

2021-03-16 01:15:13 - [TEST_STEP][PASSED] - delay(3): Delayed 3 second(s)

2021-03-16 01:15:16 - [MESSAGE][PASSED] - Delayed 3 second(s)

2021-03-16 01:15:16 - [TEST_STEP][PASSED] - takeScreenshot(): Screenshot is taken

2021-03-16 01:15:18 - [MESSAGE][PASSED] - Screenshot is taken
[[ATTACHMENT|/Users/a2274333/Documents/GitHub/APP_Clientes_Android/APP_Clientes_Android/Reports/20210316_011402/Flujo Base/Registro/20210316_011402/1615878916761.png]]

2021-03-16 01:15:18 - [MESSAGE][PASSED] - Screenshot is taken
[[ATTACHMENT|/Users/a2274333/Documents/GitHub/APP_Clientes_Android/APP_Clientes_Android/Reports/20210316_011402/Flujo Base/Registro/20210316_011402/1615878916761.png]]]]></system-out>
         <system-err><![CDATA[]]></system-err>
      </testcase>
      <testcase name="Test Cases/RegistrarUsuario" time="32.115" classname="Test Cases/RegistrarUsuario" status="PASSED">
         <system-out><![CDATA[2021-03-16 01:15:18 - [TEST_CASE][PASSED] - Test Cases/RegistrarUsuario: Test Cases/RegistrarUsuario

2021-03-16 01:15:19 - [TEST_STEP][PASSED] - tap(findTestObject("Registro/android.widget.Button - Registrarme"), 0): Tapped on element 'Object Repository/Registro/android.widget.Button - Registrarme'

2021-03-16 01:15:19 - [MESSAGE][WARNING] - Timeout '0' is invalid. Using default page load timeout: '30'

2021-03-16 01:15:19 - [MESSAGE][PASSED] - Tapped on element 'Object Repository/Registro/android.widget.Button - Registrarme'

2021-03-16 01:15:19 - [TEST_STEP][PASSED] - delay(5): Delayed 5 second(s)

2021-03-16 01:15:24 - [MESSAGE][PASSED] - Delayed 5 second(s)

2021-03-16 01:15:24 - [TEST_STEP][PASSED] - hideKeyboard(): Keyboard is hidden

2021-03-16 01:15:26 - [MESSAGE][PASSED] - Keyboard is hidden

2021-03-16 01:15:26 - [TEST_STEP][PASSED] - setText(findTestObject("Object Repository/Registro/android.widget.EditText - Ingresa tu nombre"), "Fernando", 0): Text 'Fernando' has been set to element 'Object Repository/Registro/android.widget.EditText - Ingresa tu nombre'

2021-03-16 01:15:26 - [MESSAGE][WARNING] - Timeout '0' is invalid. Using default page load timeout: '30'

2021-03-16 01:15:27 - [MESSAGE][PASSED] - Text 'Fernando' has been set to element 'Object Repository/Registro/android.widget.EditText - Ingresa tu nombre'

2021-03-16 01:15:27 - [TEST_STEP][PASSED] - takeScreenshot(): Screenshot is taken

2021-03-16 01:15:28 - [MESSAGE][PASSED] - Screenshot is taken
[[ATTACHMENT|/Users/a2274333/Documents/GitHub/APP_Clientes_Android/APP_Clientes_Android/Reports/20210316_011402/Flujo Base/Registro/20210316_011402/1615878927818.png]]

2021-03-16 01:15:28 - [MESSAGE][PASSED] - Screenshot is taken
[[ATTACHMENT|/Users/a2274333/Documents/GitHub/APP_Clientes_Android/APP_Clientes_Android/Reports/20210316_011402/Flujo Base/Registro/20210316_011402/1615878927818.png]]

2021-03-16 01:15:28 - [TEST_STEP][PASSED] - setText(findTestObject("Object Repository/Registro/android.widget.EditText - Apellido paterno"), "Martinez", 0): Text 'Martinez' has been set to element 'Object Repository/Registro/android.widget.EditText - Apellido paterno'

2021-03-16 01:15:28 - [MESSAGE][WARNING] - Timeout '0' is invalid. Using default page load timeout: '30'

2021-03-16 01:15:29 - [MESSAGE][PASSED] - Text 'Martinez' has been set to element 'Object Repository/Registro/android.widget.EditText - Apellido paterno'

2021-03-16 01:15:29 - [TEST_STEP][PASSED] - setText(findTestObject("Object Repository/Registro/android.widget.EditText - Apellido paterno (1)"), "Quezada", 0): Text 'Quezada' has been set to element 'Object Repository/Registro/android.widget.EditText - Apellido paterno (1)'

2021-03-16 01:15:29 - [MESSAGE][WARNING] - Timeout '0' is invalid. Using default page load timeout: '30'

2021-03-16 01:15:31 - [MESSAGE][PASSED] - Text 'Quezada' has been set to element 'Object Repository/Registro/android.widget.EditText - Apellido paterno (1)'

2021-03-16 01:15:31 - [TEST_STEP][PASSED] - scrollToText("Mujer"): Scrolling to text 'Mujer' successfully

2021-03-16 01:15:35 - [MESSAGE][PASSED] - Scrolling to text 'Mujer' successfully

2021-03-16 01:15:35 - [TEST_STEP][PASSED] - tap(findTestObject("Object Repository/Registro/android.widget.TextView - Hombre", ["text":"Mujer"]), 0): Tapped on element 'Object Repository/Registro/android.widget.TextView - Hombre'

2021-03-16 01:15:35 - [MESSAGE][WARNING] - Timeout '0' is invalid. Using default page load timeout: '30'

2021-03-16 01:15:35 - [MESSAGE][PASSED] - Tapped on element 'Object Repository/Registro/android.widget.TextView - Hombre'

2021-03-16 01:15:35 - [TEST_STEP][PASSED] - setText(findTestObject("Object Repository/Registro/android.widget.EditText - Ingresa tu nmero"), "8121715239", 0): Text '8121715239' has been set to element 'Object Repository/Registro/android.widget.EditText - Ingresa tu nmero'

2021-03-16 01:15:35 - [MESSAGE][WARNING] - Timeout '0' is invalid. Using default page load timeout: '30'

2021-03-16 01:15:37 - [MESSAGE][PASSED] - Text '8121715239' has been set to element 'Object Repository/Registro/android.widget.EditText - Ingresa tu nmero'

2021-03-16 01:15:37 - [TEST_STEP][PASSED] - setText(findTestObject("Object Repository/Registro/android.widget.EditText - Correo electrnico"), "testing.syp@gmail.com", 0): Text 'testing.syp@gmail.com' has been set to element 'Object Repository/Registro/android.widget.EditText - Correo electrnico'

2021-03-16 01:15:37 - [MESSAGE][WARNING] - Timeout '0' is invalid. Using default page load timeout: '30'

2021-03-16 01:15:39 - [MESSAGE][PASSED] - Text 'testing.syp@gmail.com' has been set to element 'Object Repository/Registro/android.widget.EditText - Correo electrnico'

2021-03-16 01:15:39 - [TEST_STEP][PASSED] - takeScreenshot(): Screenshot is taken

2021-03-16 01:15:39 - [MESSAGE][PASSED] - Screenshot is taken
[[ATTACHMENT|/Users/a2274333/Documents/GitHub/APP_Clientes_Android/APP_Clientes_Android/Reports/20210316_011402/Flujo Base/Registro/20210316_011402/1615878939118.png]]

2021-03-16 01:15:39 - [MESSAGE][PASSED] - Screenshot is taken
[[ATTACHMENT|/Users/a2274333/Documents/GitHub/APP_Clientes_Android/APP_Clientes_Android/Reports/20210316_011402/Flujo Base/Registro/20210316_011402/1615878939118.png]]

2021-03-16 01:15:39 - [TEST_STEP][PASSED] - tap(findTestObject("Object Repository/Registro/android.widget.Button - Continuar"), 0): Tapped on element 'Object Repository/Registro/android.widget.Button - Continuar'

2021-03-16 01:15:39 - [MESSAGE][WARNING] - Timeout '0' is invalid. Using default page load timeout: '30'

2021-03-16 01:15:40 - [MESSAGE][PASSED] - Tapped on element 'Object Repository/Registro/android.widget.Button - Continuar'

2021-03-16 01:15:40 - [TEST_STEP][PASSED] - setText(findTestObject("Object Repository/Registro/android.widget.EditText"), "Passw0rd$", 0): Text 'Passw0rd$' has been set to element 'Object Repository/Registro/android.widget.EditText'

2021-03-16 01:15:40 - [MESSAGE][WARNING] - Timeout '0' is invalid. Using default page load timeout: '30'

2021-03-16 01:15:42 - [MESSAGE][PASSED] - Text 'Passw0rd$' has been set to element 'Object Repository/Registro/android.widget.EditText'

2021-03-16 01:15:42 - [TEST_STEP][PASSED] - takeScreenshot(): Screenshot is taken

2021-03-16 01:15:42 - [MESSAGE][PASSED] - Screenshot is taken
[[ATTACHMENT|/Users/a2274333/Documents/GitHub/APP_Clientes_Android/APP_Clientes_Android/Reports/20210316_011402/Flujo Base/Registro/20210316_011402/1615878942209.png]]

2021-03-16 01:15:42 - [MESSAGE][PASSED] - Screenshot is taken
[[ATTACHMENT|/Users/a2274333/Documents/GitHub/APP_Clientes_Android/APP_Clientes_Android/Reports/20210316_011402/Flujo Base/Registro/20210316_011402/1615878942209.png]]

2021-03-16 01:15:42 - [TEST_STEP][PASSED] - tap(findTestObject("Object Repository/Registro/android.widget.Button - Continuar (1)"), 0): Tapped on element 'Object Repository/Registro/android.widget.Button - Continuar (1)'

2021-03-16 01:15:42 - [MESSAGE][WARNING] - Timeout '0' is invalid. Using default page load timeout: '30'

2021-03-16 01:15:43 - [MESSAGE][PASSED] - Tapped on element 'Object Repository/Registro/android.widget.Button - Continuar (1)'

2021-03-16 01:15:43 - [TEST_STEP][PASSED] - tap(findTestObject("Object Repository/Registro/android.widget.CheckBox - Acepto los trminos y condiciones"), 0): Tapped on element 'Object Repository/Registro/android.widget.CheckBox - Acepto los trminos y condiciones'

2021-03-16 01:15:43 - [MESSAGE][WARNING] - Timeout '0' is invalid. Using default page load timeout: '30'

2021-03-16 01:15:45 - [MESSAGE][PASSED] - Tapped on element 'Object Repository/Registro/android.widget.CheckBox - Acepto los trminos y condiciones'

2021-03-16 01:15:45 - [TEST_STEP][PASSED] - tap(findTestObject("Object Repository/Registro/android.widget.Button - Registrar"), 0): Tapped on element 'Object Repository/Registro/android.widget.Button - Registrar'

2021-03-16 01:15:45 - [MESSAGE][WARNING] - Timeout '0' is invalid. Using default page load timeout: '30'

2021-03-16 01:15:46 - [MESSAGE][PASSED] - Tapped on element 'Object Repository/Registro/android.widget.Button - Registrar'

2021-03-16 01:15:46 - [TEST_STEP][PASSED] - takeScreenshot(): Screenshot is taken

2021-03-16 01:15:47 - [MESSAGE][PASSED] - Screenshot is taken
[[ATTACHMENT|/Users/a2274333/Documents/GitHub/APP_Clientes_Android/APP_Clientes_Android/Reports/20210316_011402/Flujo Base/Registro/20210316_011402/1615878946375.png]]

2021-03-16 01:15:47 - [MESSAGE][PASSED] - Screenshot is taken
[[ATTACHMENT|/Users/a2274333/Documents/GitHub/APP_Clientes_Android/APP_Clientes_Android/Reports/20210316_011402/Flujo Base/Registro/20210316_011402/1615878946375.png]]

2021-03-16 01:15:47 - [TEST_STEP][PASSED] - closeApplication(): Close app successfully

2021-03-16 01:15:50 - [MESSAGE][PASSED] - Close app successfully]]></system-out>
         <system-err><![CDATA[]]></system-err>
      </testcase>
      <system-out><![CDATA[2021-03-16 01:14:05 - [TEST_SUITE][PASSED] - Registro: Test Cases/RegistrarUsuario]]></system-out>
      <system-err><![CDATA[]]></system-err>
   </testsuite>
</testsuites>
