<?xml version="1.0" encoding="UTF-8"?>
<testsuites name="Registro" time="109.334" tests="2" failures="0" skips="0" errors="0">
   <testsuite name="Registro" tests="2" failures="0" errors="0" time="109.334" skips="0" timestamp="2021-03-15 22:07:48" hostname="a2274333 - localhost" id="Test Suites/Flujo Base/Registro">
      <properties>
[...]
</properties>
      <testcase name="Test Cases/InstalaryAbrir" time="72.634" classname="Test Cases/InstalaryAbrir" status="PASSED">
         <system-out><![CDATA[2021-03-15 22:07:49 - [TEST_CASE][PASSED] - Test Cases/InstalaryAbrir: Test Cases/InstalaryAbrir

2021-03-15 22:07:49 - [TEST_STEP][PASSED] - startApplication("/Users/a2274333/Downloads/AppClientes_327-clear-preprod-debug.apk", true): Started app at: '/Users/a2274333/Downloads/AppClientes_327-clear-preprod-debug.apk'

2021-03-15 22:07:49 - [MESSAGE][INFO] - User set preference: ['deviceId', '']

2021-03-15 22:07:51 - [MESSAGE][INFO] - Appium server started on port 54,960

2021-03-15 22:08:49 - [MESSAGE][PASSED] - Started app at: '/Users/a2274333/Downloads/AppClientes_327-clear-preprod-debug.apk'

2021-03-15 22:08:49 - [TEST_STEP][PASSED] - delay(5): Delayed 5 second(s)

2021-03-15 22:08:54 - [MESSAGE][PASSED] - Delayed 5 second(s)

2021-03-15 22:08:54 - [TEST_STEP][PASSED] - tap(findTestObject("InstalaryAbrir/android.widget.Button - Permitir"), 0): Tapped on element 'Object Repository/InstalaryAbrir/android.widget.Button - Permitir'

2021-03-15 22:08:54 - [MESSAGE][WARNING] - Timeout '0' is invalid. Using default page load timeout: '30'

2021-03-15 22:08:55 - [MESSAGE][PASSED] - Tapped on element 'Object Repository/InstalaryAbrir/android.widget.Button - Permitir'

2021-03-15 22:08:55 - [TEST_STEP][PASSED] - tap(findTestObject("InstalaryAbrir/android.widget.Button - Allow"), 0): Tapped on element 'Object Repository/InstalaryAbrir/android.widget.Button - Allow'

2021-03-15 22:08:55 - [MESSAGE][WARNING] - Timeout '0' is invalid. Using default page load timeout: '30'

2021-03-15 22:08:56 - [MESSAGE][PASSED] - Tapped on element 'Object Repository/InstalaryAbrir/android.widget.Button - Allow'

2021-03-15 22:08:56 - [TEST_STEP][PASSED] - delay(3): Delayed 3 second(s)

2021-03-15 22:08:59 - [MESSAGE][PASSED] - Delayed 3 second(s)

2021-03-15 22:08:59 - [TEST_STEP][PASSED] - takeScreenshot(): Screenshot is taken

2021-03-15 22:09:01 - [MESSAGE][PASSED] - Screenshot is taken
[[ATTACHMENT|/Users/a2274333/Documents/GitHub/APP_Clientes_Android/APP_Clientes_Android/Reports/20210315_220746/Flujo Base/Registro/20210315_220746/1615867739862.png]]

2021-03-15 22:09:01 - [MESSAGE][PASSED] - Screenshot is taken
[[ATTACHMENT|/Users/a2274333/Documents/GitHub/APP_Clientes_Android/APP_Clientes_Android/Reports/20210315_220746/Flujo Base/Registro/20210315_220746/1615867739862.png]]]]></system-out>
         <system-err><![CDATA[]]></system-err>
      </testcase>
      <testcase name="Test Cases/RegistrarUsuario" time="31.325" classname="Test Cases/RegistrarUsuario" status="PASSED">
         <system-out><![CDATA[2021-03-15 22:09:01 - [TEST_CASE][PASSED] - Test Cases/RegistrarUsuario: Test Cases/RegistrarUsuario

2021-03-15 22:09:02 - [TEST_STEP][PASSED] - tap(findTestObject("Registro/android.widget.Button - Registrarme"), 0): Tapped on element 'Object Repository/Registro/android.widget.Button - Registrarme'

2021-03-15 22:09:02 - [MESSAGE][WARNING] - Timeout '0' is invalid. Using default page load timeout: '30'

2021-03-15 22:09:02 - [MESSAGE][PASSED] - Tapped on element 'Object Repository/Registro/android.widget.Button - Registrarme'

2021-03-15 22:09:02 - [TEST_STEP][PASSED] - delay(5): Delayed 5 second(s)

2021-03-15 22:09:07 - [MESSAGE][PASSED] - Delayed 5 second(s)

2021-03-15 22:09:07 - [TEST_STEP][PASSED] - hideKeyboard(): Keyboard is hidden

2021-03-15 22:09:09 - [MESSAGE][PASSED] - Keyboard is hidden

2021-03-15 22:09:09 - [TEST_STEP][PASSED] - setText(findTestObject("Object Repository/Registro/android.widget.EditText - Ingresa tu nombre"), "Fernando", 0): Text 'Fernando' has been set to element 'Object Repository/Registro/android.widget.EditText - Ingresa tu nombre'

2021-03-15 22:09:09 - [MESSAGE][WARNING] - Timeout '0' is invalid. Using default page load timeout: '30'

2021-03-15 22:09:10 - [MESSAGE][PASSED] - Text 'Fernando' has been set to element 'Object Repository/Registro/android.widget.EditText - Ingresa tu nombre'

2021-03-15 22:09:10 - [TEST_STEP][PASSED] - takeScreenshot(): Screenshot is taken

2021-03-15 22:09:11 - [MESSAGE][PASSED] - Screenshot is taken
[[ATTACHMENT|/Users/a2274333/Documents/GitHub/APP_Clientes_Android/APP_Clientes_Android/Reports/20210315_220746/Flujo Base/Registro/20210315_220746/1615867750914.png]]

2021-03-15 22:09:11 - [MESSAGE][PASSED] - Screenshot is taken
[[ATTACHMENT|/Users/a2274333/Documents/GitHub/APP_Clientes_Android/APP_Clientes_Android/Reports/20210315_220746/Flujo Base/Registro/20210315_220746/1615867750914.png]]

2021-03-15 22:09:11 - [TEST_STEP][PASSED] - setText(findTestObject("Object Repository/Registro/android.widget.EditText - Apellido paterno"), "Martinez", 0): Text 'Martinez' has been set to element 'Object Repository/Registro/android.widget.EditText - Apellido paterno'

2021-03-15 22:09:11 - [MESSAGE][WARNING] - Timeout '0' is invalid. Using default page load timeout: '30'

2021-03-15 22:09:12 - [MESSAGE][PASSED] - Text 'Martinez' has been set to element 'Object Repository/Registro/android.widget.EditText - Apellido paterno'

2021-03-15 22:09:12 - [TEST_STEP][PASSED] - setText(findTestObject("Object Repository/Registro/android.widget.EditText - Apellido paterno (1)"), "Quezada", 0): Text 'Quezada' has been set to element 'Object Repository/Registro/android.widget.EditText - Apellido paterno (1)'

2021-03-15 22:09:12 - [MESSAGE][WARNING] - Timeout '0' is invalid. Using default page load timeout: '30'

2021-03-15 22:09:14 - [MESSAGE][PASSED] - Text 'Quezada' has been set to element 'Object Repository/Registro/android.widget.EditText - Apellido paterno (1)'

2021-03-15 22:09:14 - [TEST_STEP][PASSED] - scrollToText("Mujer"): Scrolling to text 'Mujer' successfully

2021-03-15 22:09:18 - [MESSAGE][PASSED] - Scrolling to text 'Mujer' successfully

2021-03-15 22:09:18 - [TEST_STEP][PASSED] - tap(findTestObject("Object Repository/Registro/android.widget.TextView - Hombre"), 0): Tapped on element 'Object Repository/Registro/android.widget.TextView - Hombre'

2021-03-15 22:09:18 - [MESSAGE][WARNING] - Timeout '0' is invalid. Using default page load timeout: '30'

2021-03-15 22:09:18 - [MESSAGE][PASSED] - Tapped on element 'Object Repository/Registro/android.widget.TextView - Hombre'

2021-03-15 22:09:18 - [TEST_STEP][PASSED] - setText(findTestObject("Object Repository/Registro/android.widget.EditText - Ingresa tu nmero"), "8121715239", 0): Text '8121715239' has been set to element 'Object Repository/Registro/android.widget.EditText - Ingresa tu nmero'

2021-03-15 22:09:18 - [MESSAGE][WARNING] - Timeout '0' is invalid. Using default page load timeout: '30'

2021-03-15 22:09:20 - [MESSAGE][PASSED] - Text '8121715239' has been set to element 'Object Repository/Registro/android.widget.EditText - Ingresa tu nmero'

2021-03-15 22:09:20 - [TEST_STEP][PASSED] - setText(findTestObject("Object Repository/Registro/android.widget.EditText - Correo electrnico"), "testing.syp@gmail.com", 0): Text 'testing.syp@gmail.com' has been set to element 'Object Repository/Registro/android.widget.EditText - Correo electrnico'

2021-03-15 22:09:20 - [MESSAGE][WARNING] - Timeout '0' is invalid. Using default page load timeout: '30'

2021-03-15 22:09:22 - [MESSAGE][PASSED] - Text 'testing.syp@gmail.com' has been set to element 'Object Repository/Registro/android.widget.EditText - Correo electrnico'

2021-03-15 22:09:22 - [TEST_STEP][PASSED] - takeScreenshot(): Screenshot is taken

2021-03-15 22:09:22 - [MESSAGE][PASSED] - Screenshot is taken
[[ATTACHMENT|/Users/a2274333/Documents/GitHub/APP_Clientes_Android/APP_Clientes_Android/Reports/20210315_220746/Flujo Base/Registro/20210315_220746/1615867762211.png]]

2021-03-15 22:09:22 - [MESSAGE][PASSED] - Screenshot is taken
[[ATTACHMENT|/Users/a2274333/Documents/GitHub/APP_Clientes_Android/APP_Clientes_Android/Reports/20210315_220746/Flujo Base/Registro/20210315_220746/1615867762211.png]]

2021-03-15 22:09:22 - [TEST_STEP][PASSED] - tap(findTestObject("Object Repository/Registro/android.widget.Button - Continuar"), 0): Tapped on element 'Object Repository/Registro/android.widget.Button - Continuar'

2021-03-15 22:09:22 - [MESSAGE][WARNING] - Timeout '0' is invalid. Using default page load timeout: '30'

2021-03-15 22:09:23 - [MESSAGE][PASSED] - Tapped on element 'Object Repository/Registro/android.widget.Button - Continuar'

2021-03-15 22:09:23 - [TEST_STEP][PASSED] - setText(findTestObject("Object Repository/Registro/android.widget.EditText"), "Passw0rd$", 0): Text 'Passw0rd$' has been set to element 'Object Repository/Registro/android.widget.EditText'

2021-03-15 22:09:23 - [MESSAGE][WARNING] - Timeout '0' is invalid. Using default page load timeout: '30'

2021-03-15 22:09:25 - [MESSAGE][PASSED] - Text 'Passw0rd$' has been set to element 'Object Repository/Registro/android.widget.EditText'

2021-03-15 22:09:25 - [TEST_STEP][PASSED] - takeScreenshot(): Screenshot is taken

2021-03-15 22:09:25 - [MESSAGE][PASSED] - Screenshot is taken
[[ATTACHMENT|/Users/a2274333/Documents/GitHub/APP_Clientes_Android/APP_Clientes_Android/Reports/20210315_220746/Flujo Base/Registro/20210315_220746/1615867765228.png]]

2021-03-15 22:09:25 - [MESSAGE][PASSED] - Screenshot is taken
[[ATTACHMENT|/Users/a2274333/Documents/GitHub/APP_Clientes_Android/APP_Clientes_Android/Reports/20210315_220746/Flujo Base/Registro/20210315_220746/1615867765228.png]]

2021-03-15 22:09:25 - [TEST_STEP][PASSED] - tap(findTestObject("Object Repository/Registro/android.widget.Button - Continuar (1)"), 0): Tapped on element 'Object Repository/Registro/android.widget.Button - Continuar (1)'

2021-03-15 22:09:25 - [MESSAGE][WARNING] - Timeout '0' is invalid. Using default page load timeout: '30'

2021-03-15 22:09:26 - [MESSAGE][PASSED] - Tapped on element 'Object Repository/Registro/android.widget.Button - Continuar (1)'

2021-03-15 22:09:26 - [TEST_STEP][PASSED] - tap(findTestObject("Object Repository/Registro/android.widget.CheckBox - Acepto los trminos y condiciones"), 0): Tapped on element 'Object Repository/Registro/android.widget.CheckBox - Acepto los trminos y condiciones'

2021-03-15 22:09:26 - [MESSAGE][WARNING] - Timeout '0' is invalid. Using default page load timeout: '30'

2021-03-15 22:09:27 - [MESSAGE][PASSED] - Tapped on element 'Object Repository/Registro/android.widget.CheckBox - Acepto los trminos y condiciones'

2021-03-15 22:09:27 - [TEST_STEP][PASSED] - tap(findTestObject("Object Repository/Registro/android.widget.Button - Registrar"), 0): Tapped on element 'Object Repository/Registro/android.widget.Button - Registrar'

2021-03-15 22:09:28 - [MESSAGE][WARNING] - Timeout '0' is invalid. Using default page load timeout: '30'

2021-03-15 22:09:28 - [MESSAGE][PASSED] - Tapped on element 'Object Repository/Registro/android.widget.Button - Registrar'

2021-03-15 22:09:28 - [TEST_STEP][PASSED] - takeScreenshot(): Screenshot is taken

2021-03-15 22:09:29 - [MESSAGE][PASSED] - Screenshot is taken
[[ATTACHMENT|/Users/a2274333/Documents/GitHub/APP_Clientes_Android/APP_Clientes_Android/Reports/20210315_220746/Flujo Base/Registro/20210315_220746/1615867768836.png]]

2021-03-15 22:09:29 - [MESSAGE][PASSED] - Screenshot is taken
[[ATTACHMENT|/Users/a2274333/Documents/GitHub/APP_Clientes_Android/APP_Clientes_Android/Reports/20210315_220746/Flujo Base/Registro/20210315_220746/1615867768836.png]]

2021-03-15 22:09:29 - [TEST_STEP][PASSED] - closeApplication(): Close app successfully

2021-03-15 22:09:33 - [MESSAGE][PASSED] - Close app successfully]]></system-out>
         <system-err><![CDATA[]]></system-err>
      </testcase>
      <system-out><![CDATA[2021-03-15 22:07:48 - [TEST_SUITE][PASSED] - Registro: Test Cases/RegistrarUsuario]]></system-out>
      <system-err><![CDATA[]]></system-err>
   </testsuite>
</testsuites>
