<?xml version="1.0" encoding="UTF-8"?>
<testsuites name="Registro" time="135.138" tests="3" failures="1" skips="0" errors="0">
   <testsuite name="Registro" tests="3" failures="1" errors="0" time="135.138" skips="0" timestamp="2021-03-16 09:38:55" hostname="a2274333 - 192.168.14.105" id="Test Suites/Flujo Base/Registro">
      <properties>
[...]
</properties>
      <testcase name="Test Cases/InstalaryAbrir" time="94.102" classname="Test Cases/InstalaryAbrir" status="PASSED">
         <system-out><![CDATA[2021-03-16 09:38:56 - [TEST_CASE][PASSED] - Test Cases/InstalaryAbrir: Test Cases/InstalaryAbrir

2021-03-16 09:38:56 - [TEST_STEP][PASSED] - startApplication(Ubicacion_APK, true): Started app at: '/Users/a2274333/Downloads/AppClientes_327-clear-preprod-debug.apk'

2021-03-16 09:38:57 - [MESSAGE][INFO] - User set preference: ['deviceId', '']

2021-03-16 09:38:59 - [MESSAGE][INFO] - Appium server started on port 51,463

2021-03-16 09:40:16 - [MESSAGE][PASSED] - Started app at: '/Users/a2274333/Downloads/AppClientes_327-clear-preprod-debug.apk'

2021-03-16 09:40:16 - [TEST_STEP][PASSED] - delay(5): Delayed 5 second(s)

2021-03-16 09:40:21 - [MESSAGE][PASSED] - Delayed 5 second(s)

2021-03-16 09:40:21 - [TEST_STEP][PASSED] - tap(findTestObject("InstalaryAbrir/android.widget.Button - Permitir"), 0): Tapped on element 'Object Repository/InstalaryAbrir/android.widget.Button - Permitir'

2021-03-16 09:40:21 - [MESSAGE][WARNING] - Timeout '0' is invalid. Using default page load timeout: '30'

2021-03-16 09:40:21 - [MESSAGE][PASSED] - Tapped on element 'Object Repository/InstalaryAbrir/android.widget.Button - Permitir'

2021-03-16 09:40:21 - [TEST_STEP][PASSED] - tap(findTestObject("InstalaryAbrir/android.widget.Button - Allow"), 0): Tapped on element 'Object Repository/InstalaryAbrir/android.widget.Button - Allow'

2021-03-16 09:40:21 - [MESSAGE][WARNING] - Timeout '0' is invalid. Using default page load timeout: '30'

2021-03-16 09:40:24 - [MESSAGE][PASSED] - Tapped on element 'Object Repository/InstalaryAbrir/android.widget.Button - Allow'

2021-03-16 09:40:24 - [TEST_STEP][PASSED] - delay(3): Delayed 3 second(s)

2021-03-16 09:40:27 - [MESSAGE][PASSED] - Delayed 3 second(s)

2021-03-16 09:40:27 - [TEST_STEP][PASSED] - takeScreenshot(): Screenshot is taken

2021-03-16 09:40:30 - [MESSAGE][PASSED] - Screenshot is taken
[[ATTACHMENT|/Users/a2274333/Documents/GitHub/APP_Clientes_Android/APP_Clientes_Android/Reports/20210316_093850/Flujo Base/Registro/20210316_093850/1615909227895.png]]

2021-03-16 09:40:30 - [MESSAGE][PASSED] - Screenshot is taken
[[ATTACHMENT|/Users/a2274333/Documents/GitHub/APP_Clientes_Android/APP_Clientes_Android/Reports/20210316_093850/Flujo Base/Registro/20210316_093850/1615909227895.png]]]]></system-out>
         <system-err><![CDATA[]]></system-err>
      </testcase>
      <testcase name="Test Cases/RegistrarUsuario" time="33.092" classname="Test Cases/RegistrarUsuario" status="PASSED">
         <system-out><![CDATA[2021-03-16 09:40:30 - [TEST_CASE][PASSED] - Test Cases/RegistrarUsuario: Test Cases/RegistrarUsuario

2021-03-16 09:40:30 - [TEST_STEP][PASSED] - tap(findTestObject("Registro/android.widget.Button - Registrarme"), 0): Tapped on element 'Object Repository/Registro/android.widget.Button - Registrarme'

2021-03-16 09:40:30 - [MESSAGE][WARNING] - Timeout '0' is invalid. Using default page load timeout: '30'

2021-03-16 09:40:31 - [MESSAGE][PASSED] - Tapped on element 'Object Repository/Registro/android.widget.Button - Registrarme'

2021-03-16 09:40:31 - [TEST_STEP][PASSED] - delay(5): Delayed 5 second(s)

2021-03-16 09:40:36 - [MESSAGE][PASSED] - Delayed 5 second(s)

2021-03-16 09:40:36 - [TEST_STEP][PASSED] - hideKeyboard(): Keyboard is hidden

2021-03-16 09:40:38 - [MESSAGE][PASSED] - Keyboard is hidden

2021-03-16 09:40:38 - [TEST_STEP][PASSED] - setText(findTestObject("Object Repository/Registro/android.widget.EditText - Ingresa tu nombre"), nombre, 0): Text 'Fernando' has been set to element 'Object Repository/Registro/android.widget.EditText - Ingresa tu nombre'

2021-03-16 09:40:38 - [MESSAGE][WARNING] - Timeout '0' is invalid. Using default page load timeout: '30'

2021-03-16 09:40:39 - [MESSAGE][PASSED] - Text 'Fernando' has been set to element 'Object Repository/Registro/android.widget.EditText - Ingresa tu nombre'

2021-03-16 09:40:39 - [TEST_STEP][PASSED] - takeScreenshot(): Screenshot is taken

2021-03-16 09:40:40 - [MESSAGE][PASSED] - Screenshot is taken
[[ATTACHMENT|/Users/a2274333/Documents/GitHub/APP_Clientes_Android/APP_Clientes_Android/Reports/20210316_093850/Flujo Base/Registro/20210316_093850/1615909239591.png]]

2021-03-16 09:40:40 - [MESSAGE][PASSED] - Screenshot is taken
[[ATTACHMENT|/Users/a2274333/Documents/GitHub/APP_Clientes_Android/APP_Clientes_Android/Reports/20210316_093850/Flujo Base/Registro/20210316_093850/1615909239591.png]]

2021-03-16 09:40:40 - [TEST_STEP][PASSED] - setText(findTestObject("Object Repository/Registro/android.widget.EditText - Apellido paterno"), appaterno, 0): Text 'Martinez' has been set to element 'Object Repository/Registro/android.widget.EditText - Apellido paterno'

2021-03-16 09:40:40 - [MESSAGE][WARNING] - Timeout '0' is invalid. Using default page load timeout: '30'

2021-03-16 09:40:41 - [MESSAGE][PASSED] - Text 'Martinez' has been set to element 'Object Repository/Registro/android.widget.EditText - Apellido paterno'

2021-03-16 09:40:41 - [TEST_STEP][PASSED] - setText(findTestObject("Object Repository/Registro/android.widget.EditText - Apellido paterno (1)"), apmaterno, 0): Text 'Quezada' has been set to element 'Object Repository/Registro/android.widget.EditText - Apellido paterno (1)'

2021-03-16 09:40:41 - [MESSAGE][WARNING] - Timeout '0' is invalid. Using default page load timeout: '30'

2021-03-16 09:40:43 - [MESSAGE][PASSED] - Text 'Quezada' has been set to element 'Object Repository/Registro/android.widget.EditText - Apellido paterno (1)'

2021-03-16 09:40:43 - [TEST_STEP][PASSED] - scrollToText("Mujer"): Scrolling to text 'Mujer' successfully

2021-03-16 09:40:46 - [MESSAGE][PASSED] - Scrolling to text 'Mujer' successfully

2021-03-16 09:40:46 - [TEST_STEP][PASSED] - tap(findTestObject("Registro/android.widget.TextView - Hombre", ["sexo":sexo]), 0): Tapped on element 'Object Repository/Registro/android.widget.TextView - Hombre'

2021-03-16 09:40:46 - [MESSAGE][WARNING] - Timeout '0' is invalid. Using default page load timeout: '30'

2021-03-16 09:40:46 - [MESSAGE][PASSED] - Tapped on element 'Object Repository/Registro/android.widget.TextView - Hombre'

2021-03-16 09:40:46 - [TEST_STEP][PASSED] - setText(findTestObject("Object Repository/Registro/android.widget.EditText - Ingresa tu nmero"), telefono, 0): Text '8121715239' has been set to element 'Object Repository/Registro/android.widget.EditText - Ingresa tu nmero'

2021-03-16 09:40:46 - [MESSAGE][WARNING] - Timeout '0' is invalid. Using default page load timeout: '30'

2021-03-16 09:40:48 - [MESSAGE][PASSED] - Text '8121715239' has been set to element 'Object Repository/Registro/android.widget.EditText - Ingresa tu nmero'

2021-03-16 09:40:48 - [TEST_STEP][PASSED] - setText(findTestObject("Object Repository/Registro/android.widget.EditText - Correo electrnico"), correo, 0): Text 'testing.syp@gmail.com' has been set to element 'Object Repository/Registro/android.widget.EditText - Correo electrnico'

2021-03-16 09:40:49 - [MESSAGE][WARNING] - Timeout '0' is invalid. Using default page load timeout: '30'

2021-03-16 09:40:51 - [MESSAGE][PASSED] - Text 'testing.syp@gmail.com' has been set to element 'Object Repository/Registro/android.widget.EditText - Correo electrnico'

2021-03-16 09:40:51 - [TEST_STEP][PASSED] - takeScreenshot(): Screenshot is taken

2021-03-16 09:40:51 - [MESSAGE][PASSED] - Screenshot is taken
[[ATTACHMENT|/Users/a2274333/Documents/GitHub/APP_Clientes_Android/APP_Clientes_Android/Reports/20210316_093850/Flujo Base/Registro/20210316_093850/1615909251146.png]]

2021-03-16 09:40:51 - [MESSAGE][PASSED] - Screenshot is taken
[[ATTACHMENT|/Users/a2274333/Documents/GitHub/APP_Clientes_Android/APP_Clientes_Android/Reports/20210316_093850/Flujo Base/Registro/20210316_093850/1615909251146.png]]

2021-03-16 09:40:51 - [TEST_STEP][PASSED] - tap(findTestObject("Object Repository/Registro/android.widget.Button - Continuar"), 0): Tapped on element 'Object Repository/Registro/android.widget.Button - Continuar'

2021-03-16 09:40:51 - [MESSAGE][WARNING] - Timeout '0' is invalid. Using default page load timeout: '30'

2021-03-16 09:40:52 - [MESSAGE][PASSED] - Tapped on element 'Object Repository/Registro/android.widget.Button - Continuar'

2021-03-16 09:40:52 - [TEST_STEP][PASSED] - setText(findTestObject("Object Repository/Registro/android.widget.EditText"), contrasena, 0): Text 'Passw0rd' has been set to element 'Object Repository/Registro/android.widget.EditText'

2021-03-16 09:40:52 - [MESSAGE][WARNING] - Timeout '0' is invalid. Using default page load timeout: '30'

2021-03-16 09:40:53 - [MESSAGE][PASSED] - Text 'Passw0rd' has been set to element 'Object Repository/Registro/android.widget.EditText'

2021-03-16 09:40:53 - [TEST_STEP][PASSED] - takeScreenshot(): Screenshot is taken

2021-03-16 09:40:54 - [MESSAGE][PASSED] - Screenshot is taken
[[ATTACHMENT|/Users/a2274333/Documents/GitHub/APP_Clientes_Android/APP_Clientes_Android/Reports/20210316_093850/Flujo Base/Registro/20210316_093850/1615909253970.png]]

2021-03-16 09:40:54 - [MESSAGE][PASSED] - Screenshot is taken
[[ATTACHMENT|/Users/a2274333/Documents/GitHub/APP_Clientes_Android/APP_Clientes_Android/Reports/20210316_093850/Flujo Base/Registro/20210316_093850/1615909253970.png]]

2021-03-16 09:40:54 - [TEST_STEP][PASSED] - tap(findTestObject("Object Repository/Registro/android.widget.Button - Continuar (1)"), 0): Tapped on element 'Object Repository/Registro/android.widget.Button - Continuar (1)'

2021-03-16 09:40:54 - [MESSAGE][WARNING] - Timeout '0' is invalid. Using default page load timeout: '30'

2021-03-16 09:40:55 - [MESSAGE][PASSED] - Tapped on element 'Object Repository/Registro/android.widget.Button - Continuar (1)'

2021-03-16 09:40:55 - [TEST_STEP][PASSED] - tap(findTestObject("Object Repository/Registro/android.widget.CheckBox - Acepto los trminos y condiciones"), 0): Tapped on element 'Object Repository/Registro/android.widget.CheckBox - Acepto los trminos y condiciones'

2021-03-16 09:40:55 - [MESSAGE][WARNING] - Timeout '0' is invalid. Using default page load timeout: '30'

2021-03-16 09:40:58 - [MESSAGE][PASSED] - Tapped on element 'Object Repository/Registro/android.widget.CheckBox - Acepto los trminos y condiciones'

2021-03-16 09:40:58 - [TEST_STEP][PASSED] - tap(findTestObject("Object Repository/Registro/android.widget.Button - Registrar"), 0): Tapped on element 'Object Repository/Registro/android.widget.Button - Registrar'

2021-03-16 09:40:58 - [MESSAGE][WARNING] - Timeout '0' is invalid. Using default page load timeout: '30'

2021-03-16 09:40:59 - [MESSAGE][PASSED] - Tapped on element 'Object Repository/Registro/android.widget.Button - Registrar'

2021-03-16 09:40:59 - [TEST_STEP][PASSED] - takeScreenshot(): Screenshot is taken

2021-03-16 09:40:59 - [MESSAGE][PASSED] - Screenshot is taken
[[ATTACHMENT|/Users/a2274333/Documents/GitHub/APP_Clientes_Android/APP_Clientes_Android/Reports/20210316_093850/Flujo Base/Registro/20210316_093850/1615909259128.png]]

2021-03-16 09:40:59 - [MESSAGE][PASSED] - Screenshot is taken
[[ATTACHMENT|/Users/a2274333/Documents/GitHub/APP_Clientes_Android/APP_Clientes_Android/Reports/20210316_093850/Flujo Base/Registro/20210316_093850/1615909259128.png]]

2021-03-16 09:40:59 - [TEST_STEP][PASSED] - closeApplication(): Close app successfully

2021-03-16 09:41:03 - [MESSAGE][PASSED] - Close app successfully]]></system-out>
         <system-err><![CDATA[]]></system-err>
      </testcase>
      <testcase name="Test Cases/RegistrarUsuario" time="0.108" classname="Test Cases/RegistrarUsuario" status="FAILED">
         <failure type="FAILED" message="Test Cases/RegistrarUsuario FAILED.
Reason:
com.kms.katalon.core.exception.StepFailedException: No driver found
	at com.kms.katalon.core.mobile.helper.MobileScreenCaptor.getAnyAppiumDriver(MobileScreenCaptor.java:82)
	at com.kms.katalon.core.mobile.helper.MobileScreenCaptor.take(MobileScreenCaptor.java:49)
	at com.kms.katalon.core.helper.screenshot.ScreenCaptor.takeScreenshotAndGetAttributes(ScreenCaptor.java:37)
	at com.kms.katalon.core.mobile.keyword.internal.MobileKeywordMain.stepFailed(MobileKeywordMain.groovy:40)
	at com.kms.katalon.core.mobile.keyword.internal.MobileKeywordMain.runKeyword(MobileKeywordMain.groovy:23)
	at com.kms.katalon.core.mobile.keyword.builtin.TapKeyword.tap(TapKeyword.groovy:86)
	at com.kms.katalon.core.mobile.keyword.builtin.TapKeyword.execute(TapKeyword.groovy:68)
	at com.kms.katalon.core.keyword.internal.KeywordExecutor.executeKeywordForPlatform(KeywordExecutor.groovy:73)
	at com.kms.katalon.core.mobile.keyword.MobileBuiltInKeywords.tap(MobileBuiltInKeywords.groovy:1354)
	at com.kms.katalon.core.mobile.keyword.MobileBuiltInKeywords$tap$0.call(Unknown Source)
	at RegistrarUsuario.run(RegistrarUsuario:20)
	at com.kms.katalon.core.main.ScriptEngine.run(ScriptEngine.java:194)
	at com.kms.katalon.core.main.ScriptEngine.runScriptAsRawText(ScriptEngine.java:119)
	at com.kms.katalon.core.main.TestCaseExecutor.runScript(TestCaseExecutor.java:398)
	at com.kms.katalon.core.main.TestCaseExecutor.doExecute(TestCaseExecutor.java:389)
	at com.kms.katalon.core.main.TestCaseExecutor.processExecutionPhase(TestCaseExecutor.java:368)
	at com.kms.katalon.core.main.TestCaseExecutor.accessMainPhase(TestCaseExecutor.java:360)
	at com.kms.katalon.core.main.TestCaseExecutor.execute(TestCaseExecutor.java:255)
	at com.kms.katalon.core.main.TestSuiteExecutor.accessTestCaseMainPhase(TestSuiteExecutor.java:203)
	at com.kms.katalon.core.main.TestSuiteExecutor.accessTestSuiteMainPhase(TestSuiteExecutor.java:152)
	at com.kms.katalon.core.main.TestSuiteExecutor.execute(TestSuiteExecutor.java:95)
	at com.kms.katalon.core.main.TestCaseMain.startTestSuite(TestCaseMain.java:157)
	at com.kms.katalon.core.main.TestCaseMain$startTestSuite$0.call(Unknown Source)
	at TempTestSuite1615909130737.run(TempTestSuite1615909130737.groovy:39)
"/>
         <system-out><![CDATA[2021-03-16 09:41:03 - [TEST_CASE][FAILED] - Test Cases/RegistrarUsuario: Test Cases/RegistrarUsuario FAILED.
Reason:
com.kms.katalon.core.exception.StepFailedException: No driver found
	at com.kms.katalon.core.mobile.helper.MobileScreenCaptor.getAnyAppiumDriver(MobileScreenCaptor.java:82)
	at com.kms.katalon.core.mobile.helper.MobileScreenCaptor.take(MobileScreenCaptor.java:49)
	at com.kms.katalon.core.helper.screenshot.ScreenCaptor.takeScreenshotAndGetAttributes(ScreenCaptor.java:37)
	at com.kms.katalon.core.mobile.keyword.internal.MobileKeywordMain.stepFailed(MobileKeywordMain.groovy:40)
	at com.kms.katalon.core.mobile.keyword.internal.MobileKeywordMain.runKeyword(MobileKeywordMain.groovy:23)
	at com.kms.katalon.core.mobile.keyword.builtin.TapKeyword.tap(TapKeyword.groovy:86)
	at com.kms.katalon.core.mobile.keyword.builtin.TapKeyword.execute(TapKeyword.groovy:68)
	at com.kms.katalon.core.keyword.internal.KeywordExecutor.executeKeywordForPlatform(KeywordExecutor.groovy:73)
	at com.kms.katalon.core.mobile.keyword.MobileBuiltInKeywords.tap(MobileBuiltInKeywords.groovy:1354)
	at com.kms.katalon.core.mobile.keyword.MobileBuiltInKeywords$tap$0.call(Unknown Source)
	at RegistrarUsuario.run(RegistrarUsuario:20)
	at com.kms.katalon.core.main.ScriptEngine.run(ScriptEngine.java:194)
	at com.kms.katalon.core.main.ScriptEngine.runScriptAsRawText(ScriptEngine.java:119)
	at com.kms.katalon.core.main.TestCaseExecutor.runScript(TestCaseExecutor.java:398)
	at com.kms.katalon.core.main.TestCaseExecutor.doExecute(TestCaseExecutor.java:389)
	at com.kms.katalon.core.main.TestCaseExecutor.processExecutionPhase(TestCaseExecutor.java:368)
	at com.kms.katalon.core.main.TestCaseExecutor.accessMainPhase(TestCaseExecutor.java:360)
	at com.kms.katalon.core.main.TestCaseExecutor.execute(TestCaseExecutor.java:255)
	at com.kms.katalon.core.main.TestSuiteExecutor.accessTestCaseMainPhase(TestSuiteExecutor.java:203)
	at com.kms.katalon.core.main.TestSuiteExecutor.accessTestSuiteMainPhase(TestSuiteExecutor.java:152)
	at com.kms.katalon.core.main.TestSuiteExecutor.execute(TestSuiteExecutor.java:95)
	at com.kms.katalon.core.main.TestCaseMain.startTestSuite(TestCaseMain.java:157)
	at com.kms.katalon.core.main.TestCaseMain$startTestSuite$0.call(Unknown Source)
	at TempTestSuite1615909130737.run(TempTestSuite1615909130737.groovy:39)


2021-03-16 09:41:03 - [TEST_STEP][PASSED] - tap(findTestObject("Registro/android.widget.Button - Registrarme"), 0): Timeout '0' is invalid. Using default page load timeout: '30'

2021-03-16 09:41:03 - [MESSAGE][WARNING] - Timeout '0' is invalid. Using default page load timeout: '30']]></system-out>
         <system-err><![CDATA[2021-03-16 09:41:03 - [TEST_CASE][FAILED] - Test Cases/RegistrarUsuario: Test Cases/RegistrarUsuario FAILED.
Reason:
com.kms.katalon.core.exception.StepFailedException: No driver found
	at com.kms.katalon.core.mobile.helper.MobileScreenCaptor.getAnyAppiumDriver(MobileScreenCaptor.java:82)
	at com.kms.katalon.core.mobile.helper.MobileScreenCaptor.take(MobileScreenCaptor.java:49)
	at com.kms.katalon.core.helper.screenshot.ScreenCaptor.takeScreenshotAndGetAttributes(ScreenCaptor.java:37)
	at com.kms.katalon.core.mobile.keyword.internal.MobileKeywordMain.stepFailed(MobileKeywordMain.groovy:40)
	at com.kms.katalon.core.mobile.keyword.internal.MobileKeywordMain.runKeyword(MobileKeywordMain.groovy:23)
	at com.kms.katalon.core.mobile.keyword.builtin.TapKeyword.tap(TapKeyword.groovy:86)
	at com.kms.katalon.core.mobile.keyword.builtin.TapKeyword.execute(TapKeyword.groovy:68)
	at com.kms.katalon.core.keyword.internal.KeywordExecutor.executeKeywordForPlatform(KeywordExecutor.groovy:73)
	at com.kms.katalon.core.mobile.keyword.MobileBuiltInKeywords.tap(MobileBuiltInKeywords.groovy:1354)
	at com.kms.katalon.core.mobile.keyword.MobileBuiltInKeywords$tap$0.call(Unknown Source)
	at RegistrarUsuario.run(RegistrarUsuario:20)
	at com.kms.katalon.core.main.ScriptEngine.run(ScriptEngine.java:194)
	at com.kms.katalon.core.main.ScriptEngine.runScriptAsRawText(ScriptEngine.java:119)
	at com.kms.katalon.core.main.TestCaseExecutor.runScript(TestCaseExecutor.java:398)
	at com.kms.katalon.core.main.TestCaseExecutor.doExecute(TestCaseExecutor.java:389)
	at com.kms.katalon.core.main.TestCaseExecutor.processExecutionPhase(TestCaseExecutor.java:368)
	at com.kms.katalon.core.main.TestCaseExecutor.accessMainPhase(TestCaseExecutor.java:360)
	at com.kms.katalon.core.main.TestCaseExecutor.execute(TestCaseExecutor.java:255)
	at com.kms.katalon.core.main.TestSuiteExecutor.accessTestCaseMainPhase(TestSuiteExecutor.java:203)
	at com.kms.katalon.core.main.TestSuiteExecutor.accessTestSuiteMainPhase(TestSuiteExecutor.java:152)
	at com.kms.katalon.core.main.TestSuiteExecutor.execute(TestSuiteExecutor.java:95)
	at com.kms.katalon.core.main.TestCaseMain.startTestSuite(TestCaseMain.java:157)
	at com.kms.katalon.core.main.TestCaseMain$startTestSuite$0.call(Unknown Source)
	at TempTestSuite1615909130737.run(TempTestSuite1615909130737.groovy:39)]]></system-err>
      </testcase>
      <system-out><![CDATA[2021-03-16 09:38:55 - [TEST_SUITE][FAILED] - Registro: Test Cases/RegistrarUsuario FAILED.
Reason:
com.kms.katalon.core.exception.StepFailedException: No driver found
	at com.kms.katalon.core.mobile.helper.MobileScreenCaptor.getAnyAppiumDriver(MobileScreenCaptor.java:82)
	at com.kms.katalon.core.mobile.helper.MobileScreenCaptor.take(MobileScreenCaptor.java:49)
	at com.kms.katalon.core.helper.screenshot.ScreenCaptor.takeScreenshotAndGetAttributes(ScreenCaptor.java:37)
	at com.kms.katalon.core.mobile.keyword.internal.MobileKeywordMain.stepFailed(MobileKeywordMain.groovy:40)
	at com.kms.katalon.core.mobile.keyword.internal.MobileKeywordMain.runKeyword(MobileKeywordMain.groovy:23)
	at com.kms.katalon.core.mobile.keyword.builtin.TapKeyword.tap(TapKeyword.groovy:86)
	at com.kms.katalon.core.mobile.keyword.builtin.TapKeyword.execute(TapKeyword.groovy:68)
	at com.kms.katalon.core.keyword.internal.KeywordExecutor.executeKeywordForPlatform(KeywordExecutor.groovy:73)
	at com.kms.katalon.core.mobile.keyword.MobileBuiltInKeywords.tap(MobileBuiltInKeywords.groovy:1354)
	at com.kms.katalon.core.mobile.keyword.MobileBuiltInKeywords$tap$0.call(Unknown Source)
	at RegistrarUsuario.run(RegistrarUsuario:20)
	at com.kms.katalon.core.main.ScriptEngine.run(ScriptEngine.java:194)
	at com.kms.katalon.core.main.ScriptEngine.runScriptAsRawText(ScriptEngine.java:119)
	at com.kms.katalon.core.main.TestCaseExecutor.runScript(TestCaseExecutor.java:398)
	at com.kms.katalon.core.main.TestCaseExecutor.doExecute(TestCaseExecutor.java:389)
	at com.kms.katalon.core.main.TestCaseExecutor.processExecutionPhase(TestCaseExecutor.java:368)
	at com.kms.katalon.core.main.TestCaseExecutor.accessMainPhase(TestCaseExecutor.java:360)
	at com.kms.katalon.core.main.TestCaseExecutor.execute(TestCaseExecutor.java:255)
	at com.kms.katalon.core.main.TestSuiteExecutor.accessTestCaseMainPhase(TestSuiteExecutor.java:203)
	at com.kms.katalon.core.main.TestSuiteExecutor.accessTestSuiteMainPhase(TestSuiteExecutor.java:152)
	at com.kms.katalon.core.main.TestSuiteExecutor.execute(TestSuiteExecutor.java:95)
	at com.kms.katalon.core.main.TestCaseMain.startTestSuite(TestCaseMain.java:157)
	at com.kms.katalon.core.main.TestCaseMain$startTestSuite$0.call(Unknown Source)
	at TempTestSuite1615909130737.run(TempTestSuite1615909130737.groovy:39)]]></system-out>
      <system-err><![CDATA[2021-03-16 09:38:55 - [TEST_SUITE][FAILED] - Registro: Test Cases/RegistrarUsuario FAILED.
Reason:
com.kms.katalon.core.exception.StepFailedException: No driver found
	at com.kms.katalon.core.mobile.helper.MobileScreenCaptor.getAnyAppiumDriver(MobileScreenCaptor.java:82)
	at com.kms.katalon.core.mobile.helper.MobileScreenCaptor.take(MobileScreenCaptor.java:49)
	at com.kms.katalon.core.helper.screenshot.ScreenCaptor.takeScreenshotAndGetAttributes(ScreenCaptor.java:37)
	at com.kms.katalon.core.mobile.keyword.internal.MobileKeywordMain.stepFailed(MobileKeywordMain.groovy:40)
	at com.kms.katalon.core.mobile.keyword.internal.MobileKeywordMain.runKeyword(MobileKeywordMain.groovy:23)
	at com.kms.katalon.core.mobile.keyword.builtin.TapKeyword.tap(TapKeyword.groovy:86)
	at com.kms.katalon.core.mobile.keyword.builtin.TapKeyword.execute(TapKeyword.groovy:68)
	at com.kms.katalon.core.keyword.internal.KeywordExecutor.executeKeywordForPlatform(KeywordExecutor.groovy:73)
	at com.kms.katalon.core.mobile.keyword.MobileBuiltInKeywords.tap(MobileBuiltInKeywords.groovy:1354)
	at com.kms.katalon.core.mobile.keyword.MobileBuiltInKeywords$tap$0.call(Unknown Source)
	at RegistrarUsuario.run(RegistrarUsuario:20)
	at com.kms.katalon.core.main.ScriptEngine.run(ScriptEngine.java:194)
	at com.kms.katalon.core.main.ScriptEngine.runScriptAsRawText(ScriptEngine.java:119)
	at com.kms.katalon.core.main.TestCaseExecutor.runScript(TestCaseExecutor.java:398)
	at com.kms.katalon.core.main.TestCaseExecutor.doExecute(TestCaseExecutor.java:389)
	at com.kms.katalon.core.main.TestCaseExecutor.processExecutionPhase(TestCaseExecutor.java:368)
	at com.kms.katalon.core.main.TestCaseExecutor.accessMainPhase(TestCaseExecutor.java:360)
	at com.kms.katalon.core.main.TestCaseExecutor.execute(TestCaseExecutor.java:255)
	at com.kms.katalon.core.main.TestSuiteExecutor.accessTestCaseMainPhase(TestSuiteExecutor.java:203)
	at com.kms.katalon.core.main.TestSuiteExecutor.accessTestSuiteMainPhase(TestSuiteExecutor.java:152)
	at com.kms.katalon.core.main.TestSuiteExecutor.execute(TestSuiteExecutor.java:95)
	at com.kms.katalon.core.main.TestCaseMain.startTestSuite(TestCaseMain.java:157)
	at com.kms.katalon.core.main.TestCaseMain$startTestSuite$0.call(Unknown Source)
	at TempTestSuite1615909130737.run(TempTestSuite1615909130737.groovy:39)]]></system-err>
   </testsuite>
</testsuites>
