<?xml version="1.0" encoding="UTF-8"?>
<testsuites name="Registro" time="99.396" tests="2" failures="0" skips="0" errors="1">
   <testsuite name="Registro" tests="2" failures="0" errors="1" time="99.396" skips="0" timestamp="2021-03-16 00:07:38" hostname="a2274333 - localhost" id="Test Suites/Flujo Base/Registro">
      <properties>
[...]
</properties>
      <testcase name="Test Cases/InstalaryAbrir" time="74.251" classname="Test Cases/InstalaryAbrir" status="PASSED">
         <system-out><![CDATA[2021-03-16 00:07:39 - [TEST_CASE][PASSED] - Test Cases/InstalaryAbrir: Test Cases/InstalaryAbrir

2021-03-16 00:07:39 - [TEST_STEP][PASSED] - startApplication(Ubicacion_APK, true): Started app at: '/Users/a2274333/Downloads/AppClientes_327-clear-preprod-debug.apk'

2021-03-16 00:07:40 - [MESSAGE][INFO] - User set preference: ['deviceId', '']

2021-03-16 00:07:41 - [MESSAGE][INFO] - Appium server started on port 56,317

2021-03-16 00:08:41 - [MESSAGE][PASSED] - Started app at: '/Users/a2274333/Downloads/AppClientes_327-clear-preprod-debug.apk'

2021-03-16 00:08:41 - [TEST_STEP][PASSED] - delay(5): Delayed 5 second(s)

2021-03-16 00:08:46 - [MESSAGE][PASSED] - Delayed 5 second(s)

2021-03-16 00:08:46 - [TEST_STEP][PASSED] - tap(findTestObject("InstalaryAbrir/android.widget.Button - Permitir"), 0): Tapped on element 'Object Repository/InstalaryAbrir/android.widget.Button - Permitir'

2021-03-16 00:08:46 - [MESSAGE][WARNING] - Timeout '0' is invalid. Using default page load timeout: '30'

2021-03-16 00:08:48 - [MESSAGE][PASSED] - Tapped on element 'Object Repository/InstalaryAbrir/android.widget.Button - Permitir'

2021-03-16 00:08:48 - [TEST_STEP][PASSED] - tap(findTestObject("InstalaryAbrir/android.widget.Button - Allow"), 0): Tapped on element 'Object Repository/InstalaryAbrir/android.widget.Button - Allow'

2021-03-16 00:08:48 - [MESSAGE][WARNING] - Timeout '0' is invalid. Using default page load timeout: '30'

2021-03-16 00:08:48 - [MESSAGE][PASSED] - Tapped on element 'Object Repository/InstalaryAbrir/android.widget.Button - Allow'

2021-03-16 00:08:48 - [TEST_STEP][PASSED] - delay(3): Delayed 3 second(s)

2021-03-16 00:08:51 - [MESSAGE][PASSED] - Delayed 3 second(s)

2021-03-16 00:08:51 - [TEST_STEP][PASSED] - takeScreenshot(): Screenshot is taken

2021-03-16 00:08:53 - [MESSAGE][PASSED] - Screenshot is taken
[[ATTACHMENT|/Users/a2274333/Documents/GitHub/APP_Clientes_Android/APP_Clientes_Android/Reports/20210316_000736/Flujo Base/Registro/20210316_000736/1615874931701.png]]

2021-03-16 00:08:53 - [MESSAGE][PASSED] - Screenshot is taken
[[ATTACHMENT|/Users/a2274333/Documents/GitHub/APP_Clientes_Android/APP_Clientes_Android/Reports/20210316_000736/Flujo Base/Registro/20210316_000736/1615874931701.png]]]]></system-out>
         <system-err><![CDATA[]]></system-err>
      </testcase>
      <testcase name="Test Cases/RegistrarUsuario" time="16.273" classname="Test Cases/RegistrarUsuario" status="ERROR">
         <error type="ERROR" message="Test Cases/RegistrarUsuario FAILED.
Reason:
java.lang.NullPointerException: Cannot invoke method setValue() on null object
	at RegistrarUsuario.run(RegistrarUsuario:38)
	at com.kms.katalon.core.main.ScriptEngine.run(ScriptEngine.java:194)
	at com.kms.katalon.core.main.ScriptEngine.runScriptAsRawText(ScriptEngine.java:119)
	at com.kms.katalon.core.main.TestCaseExecutor.runScript(TestCaseExecutor.java:398)
	at com.kms.katalon.core.main.TestCaseExecutor.doExecute(TestCaseExecutor.java:389)
	at com.kms.katalon.core.main.TestCaseExecutor.processExecutionPhase(TestCaseExecutor.java:368)
	at com.kms.katalon.core.main.TestCaseExecutor.accessMainPhase(TestCaseExecutor.java:360)
	at com.kms.katalon.core.main.TestCaseExecutor.execute(TestCaseExecutor.java:255)
	at com.kms.katalon.core.main.TestSuiteExecutor.accessTestCaseMainPhase(TestSuiteExecutor.java:203)
	at com.kms.katalon.core.main.TestSuiteExecutor.accessTestSuiteMainPhase(TestSuiteExecutor.java:152)
	at com.kms.katalon.core.main.TestSuiteExecutor.execute(TestSuiteExecutor.java:95)
	at com.kms.katalon.core.main.TestCaseMain.startTestSuite(TestCaseMain.java:157)
	at com.kms.katalon.core.main.TestCaseMain$startTestSuite$0.call(Unknown Source)
	at TempTestSuite1615874856259.run(TempTestSuite1615874856259.groovy:39)
"/>
         <system-out><![CDATA[2021-03-16 00:08:53 - [TEST_CASE][ERROR] - Test Cases/RegistrarUsuario: Test Cases/RegistrarUsuario FAILED.
Reason:
java.lang.NullPointerException: Cannot invoke method setValue() on null object
	at RegistrarUsuario.run(RegistrarUsuario:38)
	at com.kms.katalon.core.main.ScriptEngine.run(ScriptEngine.java:194)
	at com.kms.katalon.core.main.ScriptEngine.runScriptAsRawText(ScriptEngine.java:119)
	at com.kms.katalon.core.main.TestCaseExecutor.runScript(TestCaseExecutor.java:398)
	at com.kms.katalon.core.main.TestCaseExecutor.doExecute(TestCaseExecutor.java:389)
	at com.kms.katalon.core.main.TestCaseExecutor.processExecutionPhase(TestCaseExecutor.java:368)
	at com.kms.katalon.core.main.TestCaseExecutor.accessMainPhase(TestCaseExecutor.java:360)
	at com.kms.katalon.core.main.TestCaseExecutor.execute(TestCaseExecutor.java:255)
	at com.kms.katalon.core.main.TestSuiteExecutor.accessTestCaseMainPhase(TestSuiteExecutor.java:203)
	at com.kms.katalon.core.main.TestSuiteExecutor.accessTestSuiteMainPhase(TestSuiteExecutor.java:152)
	at com.kms.katalon.core.main.TestSuiteExecutor.execute(TestSuiteExecutor.java:95)
	at com.kms.katalon.core.main.TestCaseMain.startTestSuite(TestCaseMain.java:157)
	at com.kms.katalon.core.main.TestCaseMain$startTestSuite$0.call(Unknown Source)
	at TempTestSuite1615874856259.run(TempTestSuite1615874856259.groovy:39)


2021-03-16 00:08:54 - [TEST_STEP][PASSED] - tap(findTestObject("Registro/android.widget.Button - Registrarme"), 0): Tapped on element 'Object Repository/Registro/android.widget.Button - Registrarme'

2021-03-16 00:08:54 - [MESSAGE][WARNING] - Timeout '0' is invalid. Using default page load timeout: '30'

2021-03-16 00:08:54 - [MESSAGE][PASSED] - Tapped on element 'Object Repository/Registro/android.widget.Button - Registrarme'

2021-03-16 00:08:54 - [TEST_STEP][PASSED] - delay(5): Delayed 5 second(s)

2021-03-16 00:08:59 - [MESSAGE][PASSED] - Delayed 5 second(s)

2021-03-16 00:08:59 - [TEST_STEP][PASSED] - hideKeyboard(): Keyboard is hidden

2021-03-16 00:09:01 - [MESSAGE][PASSED] - Keyboard is hidden

2021-03-16 00:09:01 - [TEST_STEP][PASSED] - setText(findTestObject("Object Repository/Registro/android.widget.EditText - Ingresa tu nombre"), "Fernando", 0): Text 'Fernando' has been set to element 'Object Repository/Registro/android.widget.EditText - Ingresa tu nombre'

2021-03-16 00:09:01 - [MESSAGE][WARNING] - Timeout '0' is invalid. Using default page load timeout: '30'

2021-03-16 00:09:02 - [MESSAGE][PASSED] - Text 'Fernando' has been set to element 'Object Repository/Registro/android.widget.EditText - Ingresa tu nombre'

2021-03-16 00:09:02 - [TEST_STEP][PASSED] - takeScreenshot(): Screenshot is taken

2021-03-16 00:09:03 - [MESSAGE][PASSED] - Screenshot is taken
[[ATTACHMENT|/Users/a2274333/Documents/GitHub/APP_Clientes_Android/APP_Clientes_Android/Reports/20210316_000736/Flujo Base/Registro/20210316_000736/1615874942754.png]]

2021-03-16 00:09:03 - [MESSAGE][PASSED] - Screenshot is taken
[[ATTACHMENT|/Users/a2274333/Documents/GitHub/APP_Clientes_Android/APP_Clientes_Android/Reports/20210316_000736/Flujo Base/Registro/20210316_000736/1615874942754.png]]

2021-03-16 00:09:03 - [TEST_STEP][PASSED] - setText(findTestObject("Object Repository/Registro/android.widget.EditText - Apellido paterno"), "Martinez", 0): Text 'Martinez' has been set to element 'Object Repository/Registro/android.widget.EditText - Apellido paterno'

2021-03-16 00:09:03 - [MESSAGE][WARNING] - Timeout '0' is invalid. Using default page load timeout: '30'

2021-03-16 00:09:04 - [MESSAGE][PASSED] - Text 'Martinez' has been set to element 'Object Repository/Registro/android.widget.EditText - Apellido paterno'

2021-03-16 00:09:04 - [TEST_STEP][PASSED] - setText(findTestObject("Object Repository/Registro/android.widget.EditText - Apellido paterno (1)"), "Quezada", 0): Text 'Quezada' has been set to element 'Object Repository/Registro/android.widget.EditText - Apellido paterno (1)'

2021-03-16 00:09:04 - [MESSAGE][WARNING] - Timeout '0' is invalid. Using default page load timeout: '30'

2021-03-16 00:09:06 - [MESSAGE][PASSED] - Text 'Quezada' has been set to element 'Object Repository/Registro/android.widget.EditText - Apellido paterno (1)'

2021-03-16 00:09:06 - [TEST_STEP][PASSED] - scrollToText("Mujer"): Scrolling to text 'Mujer' successfully

2021-03-16 00:09:09 - [MESSAGE][PASSED] - Scrolling to text 'Mujer' successfully

2021-03-16 00:09:09 - [TEST_STEP][PASSED] - selectSexo = findTestObject("Object Repository/Registro/android.widget.TextView - Hombre"): null

2021-03-16 00:09:10 - [TEST_STEP][PASSED] - findProperty("text").setValue("Mujer"): null]]></system-out>
         <system-err><![CDATA[2021-03-16 00:08:53 - [TEST_CASE][ERROR] - Test Cases/RegistrarUsuario: Test Cases/RegistrarUsuario FAILED.
Reason:
java.lang.NullPointerException: Cannot invoke method setValue() on null object
	at RegistrarUsuario.run(RegistrarUsuario:38)
	at com.kms.katalon.core.main.ScriptEngine.run(ScriptEngine.java:194)
	at com.kms.katalon.core.main.ScriptEngine.runScriptAsRawText(ScriptEngine.java:119)
	at com.kms.katalon.core.main.TestCaseExecutor.runScript(TestCaseExecutor.java:398)
	at com.kms.katalon.core.main.TestCaseExecutor.doExecute(TestCaseExecutor.java:389)
	at com.kms.katalon.core.main.TestCaseExecutor.processExecutionPhase(TestCaseExecutor.java:368)
	at com.kms.katalon.core.main.TestCaseExecutor.accessMainPhase(TestCaseExecutor.java:360)
	at com.kms.katalon.core.main.TestCaseExecutor.execute(TestCaseExecutor.java:255)
	at com.kms.katalon.core.main.TestSuiteExecutor.accessTestCaseMainPhase(TestSuiteExecutor.java:203)
	at com.kms.katalon.core.main.TestSuiteExecutor.accessTestSuiteMainPhase(TestSuiteExecutor.java:152)
	at com.kms.katalon.core.main.TestSuiteExecutor.execute(TestSuiteExecutor.java:95)
	at com.kms.katalon.core.main.TestCaseMain.startTestSuite(TestCaseMain.java:157)
	at com.kms.katalon.core.main.TestCaseMain$startTestSuite$0.call(Unknown Source)
	at TempTestSuite1615874856259.run(TempTestSuite1615874856259.groovy:39)]]></system-err>
      </testcase>
      <system-out><![CDATA[2021-03-16 00:07:38 - [TEST_SUITE][ERROR] - Registro: Test Cases/RegistrarUsuario FAILED.
Reason:
java.lang.NullPointerException: Cannot invoke method setValue() on null object
	at RegistrarUsuario.run(RegistrarUsuario:38)
	at com.kms.katalon.core.main.ScriptEngine.run(ScriptEngine.java:194)
	at com.kms.katalon.core.main.ScriptEngine.runScriptAsRawText(ScriptEngine.java:119)
	at com.kms.katalon.core.main.TestCaseExecutor.runScript(TestCaseExecutor.java:398)
	at com.kms.katalon.core.main.TestCaseExecutor.doExecute(TestCaseExecutor.java:389)
	at com.kms.katalon.core.main.TestCaseExecutor.processExecutionPhase(TestCaseExecutor.java:368)
	at com.kms.katalon.core.main.TestCaseExecutor.accessMainPhase(TestCaseExecutor.java:360)
	at com.kms.katalon.core.main.TestCaseExecutor.execute(TestCaseExecutor.java:255)
	at com.kms.katalon.core.main.TestSuiteExecutor.accessTestCaseMainPhase(TestSuiteExecutor.java:203)
	at com.kms.katalon.core.main.TestSuiteExecutor.accessTestSuiteMainPhase(TestSuiteExecutor.java:152)
	at com.kms.katalon.core.main.TestSuiteExecutor.execute(TestSuiteExecutor.java:95)
	at com.kms.katalon.core.main.TestCaseMain.startTestSuite(TestCaseMain.java:157)
	at com.kms.katalon.core.main.TestCaseMain$startTestSuite$0.call(Unknown Source)
	at TempTestSuite1615874856259.run(TempTestSuite1615874856259.groovy:39)]]></system-out>
      <system-err><![CDATA[2021-03-16 00:07:38 - [TEST_SUITE][ERROR] - Registro: Test Cases/RegistrarUsuario FAILED.
Reason:
java.lang.NullPointerException: Cannot invoke method setValue() on null object
	at RegistrarUsuario.run(RegistrarUsuario:38)
	at com.kms.katalon.core.main.ScriptEngine.run(ScriptEngine.java:194)
	at com.kms.katalon.core.main.ScriptEngine.runScriptAsRawText(ScriptEngine.java:119)
	at com.kms.katalon.core.main.TestCaseExecutor.runScript(TestCaseExecutor.java:398)
	at com.kms.katalon.core.main.TestCaseExecutor.doExecute(TestCaseExecutor.java:389)
	at com.kms.katalon.core.main.TestCaseExecutor.processExecutionPhase(TestCaseExecutor.java:368)
	at com.kms.katalon.core.main.TestCaseExecutor.accessMainPhase(TestCaseExecutor.java:360)
	at com.kms.katalon.core.main.TestCaseExecutor.execute(TestCaseExecutor.java:255)
	at com.kms.katalon.core.main.TestSuiteExecutor.accessTestCaseMainPhase(TestSuiteExecutor.java:203)
	at com.kms.katalon.core.main.TestSuiteExecutor.accessTestSuiteMainPhase(TestSuiteExecutor.java:152)
	at com.kms.katalon.core.main.TestSuiteExecutor.execute(TestSuiteExecutor.java:95)
	at com.kms.katalon.core.main.TestCaseMain.startTestSuite(TestCaseMain.java:157)
	at com.kms.katalon.core.main.TestCaseMain$startTestSuite$0.call(Unknown Source)
	at TempTestSuite1615874856259.run(TempTestSuite1615874856259.groovy:39)]]></system-err>
   </testsuite>
</testsuites>
