<?xml version="1.0" encoding="UTF-8"?>
<testsuites name="Login" time="93.22" tests="2" failures="0" skips="0" errors="0">
   <testsuite name="Login" tests="2" failures="0" errors="0" time="93.22" skips="0" timestamp="2021-03-16 01:42:08" hostname="a2274333 - localhost" id="Test Suites/Flujo Base/Login">
      <properties>
[...]
</properties>
      <testcase name="Test Cases/InstalaryAbrir" time="74.218" classname="Test Cases/InstalaryAbrir" status="PASSED">
         <system-out><![CDATA[2021-03-16 01:42:08 - [TEST_CASE][PASSED] - Test Cases/InstalaryAbrir: Test Cases/InstalaryAbrir

2021-03-16 01:42:09 - [TEST_STEP][PASSED] - startApplication(Ubicacion_APK, true): Started app at: '/Users/a2274333/Downloads/AppClientes_327-clear-preprod-debug.apk'

2021-03-16 01:42:09 - [MESSAGE][INFO] - User set preference: ['deviceId', '']

2021-03-16 01:42:11 - [MESSAGE][INFO] - Appium server started on port 58,486

2021-03-16 01:43:08 - [MESSAGE][PASSED] - Started app at: '/Users/a2274333/Downloads/AppClientes_327-clear-preprod-debug.apk'

2021-03-16 01:43:08 - [TEST_STEP][PASSED] - delay(5): Delayed 5 second(s)

2021-03-16 01:43:13 - [MESSAGE][PASSED] - Delayed 5 second(s)

2021-03-16 01:43:13 - [TEST_STEP][PASSED] - tap(findTestObject("InstalaryAbrir/android.widget.Button - Permitir"), 0): Tapped on element 'Object Repository/InstalaryAbrir/android.widget.Button - Permitir'

2021-03-16 01:43:13 - [MESSAGE][WARNING] - Timeout '0' is invalid. Using default page load timeout: '30'

2021-03-16 01:43:15 - [MESSAGE][PASSED] - Tapped on element 'Object Repository/InstalaryAbrir/android.widget.Button - Permitir'

2021-03-16 01:43:15 - [TEST_STEP][PASSED] - tap(findTestObject("InstalaryAbrir/android.widget.Button - Allow"), 0): Tapped on element 'Object Repository/InstalaryAbrir/android.widget.Button - Allow'

2021-03-16 01:43:15 - [MESSAGE][WARNING] - Timeout '0' is invalid. Using default page load timeout: '30'

2021-03-16 01:43:17 - [MESSAGE][PASSED] - Tapped on element 'Object Repository/InstalaryAbrir/android.widget.Button - Allow'

2021-03-16 01:43:17 - [TEST_STEP][PASSED] - delay(3): Delayed 3 second(s)

2021-03-16 01:43:20 - [MESSAGE][PASSED] - Delayed 3 second(s)

2021-03-16 01:43:20 - [TEST_STEP][PASSED] - takeScreenshot(): Screenshot is taken

2021-03-16 01:43:23 - [MESSAGE][PASSED] - Screenshot is taken
[[ATTACHMENT|/Users/a2274333/Documents/GitHub/APP_Clientes_Android/APP_Clientes_Android/Reports/20210316_014205/Flujo Base/Login/20210316_014205/1615880600506.png]]

2021-03-16 01:43:23 - [MESSAGE][PASSED] - Screenshot is taken
[[ATTACHMENT|/Users/a2274333/Documents/GitHub/APP_Clientes_Android/APP_Clientes_Android/Reports/20210316_014205/Flujo Base/Login/20210316_014205/1615880600506.png]]]]></system-out>
         <system-err><![CDATA[]]></system-err>
      </testcase>
      <testcase name="Test Cases/Login" time="12.994" classname="Test Cases/Login" status="PASSED">
         <system-out><![CDATA[2021-03-16 01:43:23 - [TEST_CASE][PASSED] - Test Cases/Login: Test Cases/Login

2021-03-16 01:43:23 - [TEST_STEP][PASSED] - tap(findTestObject("Login/android.widget.Button - Iniciar Sesin"), 0): Tapped on element 'Object Repository/Login/android.widget.Button - Iniciar Sesin'

2021-03-16 01:43:23 - [MESSAGE][WARNING] - Timeout '0' is invalid. Using default page load timeout: '30'

2021-03-16 01:43:23 - [MESSAGE][PASSED] - Tapped on element 'Object Repository/Login/android.widget.Button - Iniciar Sesin'

2021-03-16 01:43:23 - [TEST_STEP][PASSED] - delay(3): Delayed 3 second(s)

2021-03-16 01:43:26 - [MESSAGE][PASSED] - Delayed 3 second(s)

2021-03-16 01:43:26 - [TEST_STEP][PASSED] - takeScreenshot(): Screenshot is taken

2021-03-16 01:43:28 - [MESSAGE][PASSED] - Screenshot is taken
[[ATTACHMENT|/Users/a2274333/Documents/GitHub/APP_Clientes_Android/APP_Clientes_Android/Reports/20210316_014205/Flujo Base/Login/20210316_014205/1615880606670.png]]

2021-03-16 01:43:28 - [MESSAGE][PASSED] - Screenshot is taken
[[ATTACHMENT|/Users/a2274333/Documents/GitHub/APP_Clientes_Android/APP_Clientes_Android/Reports/20210316_014205/Flujo Base/Login/20210316_014205/1615880606670.png]]

2021-03-16 01:43:28 - [TEST_STEP][PASSED] - setText(findTestObject("Login/android.widget.EditText - usuario"), "testing.syp@banorte.com", 0): Text 'testing.syp@banorte.com' has been set to element 'Object Repository/Login/android.widget.EditText - usuario'

2021-03-16 01:43:28 - [MESSAGE][WARNING] - Timeout '0' is invalid. Using default page load timeout: '30'

2021-03-16 01:43:28 - [MESSAGE][PASSED] - Text 'testing.syp@banorte.com' has been set to element 'Object Repository/Login/android.widget.EditText - usuario'

2021-03-16 01:43:28 - [TEST_STEP][PASSED] - setText(findTestObject("Login/android.widget.EditText - contrasena"), "Passw0rd", 0): Text 'Passw0rd' has been set to element 'Object Repository/Login/android.widget.EditText - contrasena'

2021-03-16 01:43:28 - [MESSAGE][WARNING] - Timeout '0' is invalid. Using default page load timeout: '30'

2021-03-16 01:43:29 - [MESSAGE][PASSED] - Text 'Passw0rd' has been set to element 'Object Repository/Login/android.widget.EditText - contrasena'

2021-03-16 01:43:29 - [TEST_STEP][PASSED] - tap(findTestObject("Login/android.widget.Button - Ingresar"), 0): Tapped on element 'Object Repository/Login/android.widget.Button - Ingresar'

2021-03-16 01:43:30 - [MESSAGE][WARNING] - Timeout '0' is invalid. Using default page load timeout: '30'

2021-03-16 01:43:30 - [MESSAGE][PASSED] - Tapped on element 'Object Repository/Login/android.widget.Button - Ingresar'

2021-03-16 01:43:30 - [TEST_STEP][PASSED] - takeScreenshot(): Screenshot is taken

2021-03-16 01:43:32 - [MESSAGE][PASSED] - Screenshot is taken
[[ATTACHMENT|/Users/a2274333/Documents/GitHub/APP_Clientes_Android/APP_Clientes_Android/Reports/20210316_014205/Flujo Base/Login/20210316_014205/1615880610685.png]]

2021-03-16 01:43:32 - [MESSAGE][PASSED] - Screenshot is taken
[[ATTACHMENT|/Users/a2274333/Documents/GitHub/APP_Clientes_Android/APP_Clientes_Android/Reports/20210316_014205/Flujo Base/Login/20210316_014205/1615880610685.png]]

2021-03-16 01:43:32 - [TEST_STEP][PASSED] - closeApplication(): Close app successfully

2021-03-16 01:43:36 - [MESSAGE][PASSED] - Close app successfully]]></system-out>
         <system-err><![CDATA[]]></system-err>
      </testcase>
      <system-out><![CDATA[2021-03-16 01:42:08 - [TEST_SUITE][PASSED] - Login: Test Cases/Login]]></system-out>
      <system-err><![CDATA[]]></system-err>
   </testsuite>
</testsuites>
